Copyright 1986-2022 Xilinx, Inc. All Rights Reserved. Copyright 2022-2025 Advanced Micro Devices, Inc. All Rights Reserved.
---------------------------------------------------------------------------------------------------------------------------------------------
| Tool Version : Vivado v.2025.2 (win64) Build 6299465 Fri Nov 14 19:35:11 GMT 2025
| Date         : Sat May 23 01:40:00 2026
| Host         : DESKTOP-TKTPDGE running 64-bit major release  (build 9200)
| Command      : report_control_sets -verbose -file Top_Module_control_sets_placed.rpt
| Design       : Top_Module
| Device       : xc7s50
---------------------------------------------------------------------------------------------------------------------------------------------

Control Set Information

Table of Contents
-----------------
1. Summary
2. Histogram
3. Flip-Flop Distribution
4. Detailed Control Set Information

1. Summary
----------

+----------------------------------------------------------+-------+
|                          Status                          | Count |
+----------------------------------------------------------+-------+
| Total control sets                                       |    36 |
|    Minimum number of control sets                        |    36 |
|    Addition due to synthesis replication                 |     0 |
|    Addition due to physical synthesis replication        |     0 |
| Unused register locations in slices containing registers |     0 |
+----------------------------------------------------------+-------+
* Control sets can be merged at opt_design using control_set_merge or merge_equivalent_drivers
** Run report_qor_suggestions for automated merging and remapping suggestions


2. Histogram
------------

+--------------------+-------+
|       Fanout       | Count |
+--------------------+-------+
| Total control sets |    36 |
| >= 0 to < 4        |     0 |
| >= 4 to < 6        |     0 |
| >= 6 to < 8        |     0 |
| >= 8 to < 10       |     0 |
| >= 10 to < 12      |     0 |
| >= 12 to < 14      |     0 |
| >= 14 to < 16      |     0 |
| >= 16              |    36 |
+--------------------+-------+
* Control sets can be remapped at either synth_design or opt_design


3. Flip-Flop Distribution
-------------------------

+--------------+-----------------------+------------------------+-----------------+--------------+
| Clock Enable | Synchronous Set/Reset | Asynchronous Set/Reset | Total Registers | Total Slices |
+--------------+-----------------------+------------------------+-----------------+--------------+
| No           | No                    | No                     |               0 |            0 |
| No           | No                    | Yes                    |               0 |            0 |
| No           | Yes                   | No                     |               0 |            0 |
| Yes          | No                    | No                     |               0 |            0 |
| Yes          | No                    | Yes                    |            1024 |          453 |
| Yes          | Yes                   | No                     |               0 |            0 |
+--------------+-----------------------+------------------------+-----------------+--------------+


4. Detailed Control Set Information
-----------------------------------

+----------------+----------------------------------------+-----------------------------+------------------+----------------+--------------+
|  Clock Signal  |              Enable Signal             |       Set/Reset Signal      | Slice Load Count | Bel Load Count | Bels / Slice |
+----------------+----------------------------------------+-----------------------------+------------------+----------------+--------------+
|  clk_IBUF_BUFG | RF/registers[10][31]_i_1_n_0           | RF/registers[1][31]_i_2_n_0 |               14 |             32 |         2.29 |
|  clk_IBUF_BUFG | RF/registers[30][31]_i_1_n_0           | RF/registers[1][31]_i_2_n_0 |               16 |             32 |         2.00 |
|  clk_IBUF_BUFG | RF/registers[13][31]_i_1_n_0           | RF/registers[1][31]_i_2_n_0 |               12 |             32 |         2.67 |
|  clk_IBUF_BUFG | RF/registers[7][31]_i_1_n_0            | RF/registers[1][31]_i_2_n_0 |               17 |             32 |         1.88 |
|  clk_IBUF_BUFG | PC/current_pc[31]_i_1_n_0              | PC/current_pc[31]_i_2_n_0   |                9 |             32 |         3.56 |
|  clk_IBUF_BUFG | RF/registers[11][31]_i_1_n_0           | RF/registers[1][31]_i_2_n_0 |               12 |             32 |         2.67 |
|  clk_IBUF_BUFG | RF/registers[22][31]_i_1_n_0           | RF/registers[1][31]_i_2_n_0 |               14 |             32 |         2.29 |
|  clk_IBUF_BUFG | RF/registers[23][31]_i_1_n_0           | RF/registers[1][31]_i_2_n_0 |               13 |             32 |         2.46 |
|  clk_IBUF_BUFG | RF/registers[16][31]_i_1_n_0           | RF/registers[1][31]_i_2_n_0 |               15 |             32 |         2.13 |
|  clk_IBUF_BUFG | RF/registers[12][31]_i_1_n_0           | RF/registers[1][31]_i_2_n_0 |               12 |             32 |         2.67 |
|  clk_IBUF_BUFG | RF/registers[17][31]_i_1_n_0           | RF/registers[1][31]_i_2_n_0 |               10 |             32 |         3.20 |
|  clk_IBUF_BUFG | RF/registers[21][31]_i_1_n_0           | RF/registers[1][31]_i_2_n_0 |               16 |             32 |         2.00 |
|  clk_IBUF_BUFG | RF/registers[26][31]_i_1_n_0           | RF/registers[1][31]_i_2_n_0 |               13 |             32 |         2.46 |
|  clk_IBUF_BUFG | RF/registers[24][31]_i_1_n_0           | RF/registers[1][31]_i_2_n_0 |               15 |             32 |         2.13 |
|  clk_IBUF_BUFG | RF/registers[4][31]_i_1_n_0            | RF/registers[1][31]_i_2_n_0 |               16 |             32 |         2.00 |
|  clk_IBUF_BUFG | RF/registers[2][31]_i_1_n_0            | RF/registers[1][31]_i_2_n_0 |               17 |             32 |         1.88 |
|  clk_IBUF_BUFG | RF/registers[15][31]_i_1_n_0           | RF/registers[1][31]_i_2_n_0 |               11 |             32 |         2.91 |
|  clk_IBUF_BUFG | RF/registers[3][31]_i_1_n_0            | RF/registers[1][31]_i_2_n_0 |               16 |             32 |         2.00 |
|  clk_IBUF_BUFG | RF/registers[5][31]_i_1_n_0            | RF/registers[1][31]_i_2_n_0 |               13 |             32 |         2.46 |
|  clk_IBUF_BUFG | RF/registers[31][31]_i_1_n_0           | RF/registers[1][31]_i_2_n_0 |               17 |             32 |         1.88 |
|  clk_IBUF_BUFG | RF/registers[6][31]_i_1_n_0            | RF/registers[1][31]_i_2_n_0 |               19 |             32 |         1.68 |
|  clk_IBUF_BUFG | RF/registers[9][31]_i_1_n_0            | RF/registers[1][31]_i_2_n_0 |               17 |             32 |         1.88 |
|  clk_IBUF_BUFG | RF/registers[27][31]_i_1_n_0           | RF/registers[1][31]_i_2_n_0 |               14 |             32 |         2.29 |
|  clk_IBUF_BUFG | RF/registers[25][31]_i_1_n_0           | RF/registers[1][31]_i_2_n_0 |               11 |             32 |         2.91 |
|  clk_IBUF_BUFG | RF/registers[20][31]_i_1_n_0           | RF/registers[1][31]_i_2_n_0 |               12 |             32 |         2.67 |
|  clk_IBUF_BUFG | RF/registers[29][31]_i_1_n_0           | RF/registers[1][31]_i_2_n_0 |               16 |             32 |         2.00 |
|  clk_IBUF_BUFG | RF/registers[8][31]_i_1_n_0            | RF/registers[1][31]_i_2_n_0 |               22 |             32 |         1.45 |
|  clk_IBUF_BUFG | RF/registers[18][31]_i_1_n_0           | RF/registers[1][31]_i_2_n_0 |               13 |             32 |         2.46 |
|  clk_IBUF_BUFG | RF/registers[1][31]_i_1_n_0            | RF/registers[1][31]_i_2_n_0 |                8 |             32 |         4.00 |
|  clk_IBUF_BUFG | RF/registers[14][31]_i_1_n_0           | RF/registers[1][31]_i_2_n_0 |               12 |             32 |         2.67 |
|  clk_IBUF_BUFG | RF/registers[28][31]_i_1_n_0           | RF/registers[1][31]_i_2_n_0 |               18 |             32 |         1.78 |
|  clk_IBUF_BUFG | RF/registers[19][31]_i_1_n_0           | RF/registers[1][31]_i_2_n_0 |               13 |             32 |         2.46 |
|  clk_IBUF_BUFG | DM/memory_reg_reg_0_255_0_0_i_1_n_0    |                             |               32 |            128 |         4.00 |
|  clk_IBUF_BUFG | DM/memory_reg_reg_512_767_0_0_i_1_n_0  |                             |               32 |            128 |         4.00 |
|  clk_IBUF_BUFG | DM/memory_reg_reg_768_1023_0_0_i_1_n_0 |                             |               32 |            128 |         4.00 |
|  clk_IBUF_BUFG | DM/memory_reg_reg_256_511_0_0_i_1_n_0  |                             |               32 |            128 |         4.00 |
+----------------+----------------------------------------+-----------------------------+------------------+----------------+--------------+


