Copyright 1986-2022 Xilinx, Inc. All Rights Reserved. Copyright 2022-2025 Advanced Micro Devices, Inc. All Rights Reserved.
------------------------------------------------------------------------------------------------------------------------------------------------------------------------------------------------------------------------------------------
| Tool Version : Vivado v.2025.2 (win64) Build 6299465 Fri Nov 14 19:35:11 GMT 2025
| Date         : Sat May 23 01:40:18 2026
| Host         : DESKTOP-TKTPDGE running 64-bit major release  (build 9200)
| Command      : report_timing_summary -max_paths 10 -routable_nets -report_unconstrained -file Top_Module_timing_summary_routed.rpt -pb Top_Module_timing_summary_routed.pb -rpx Top_Module_timing_summary_routed.rpx -warn_on_violation
| Design       : Top_Module
| Device       : 7s50-csga324
| Speed File   : -1  PRODUCTION 1.23 2018-06-13
| Design State : Routed
------------------------------------------------------------------------------------------------------------------------------------------------------------------------------------------------------------------------------------------

Timing Summary Report

------------------------------------------------------------------------------------------------
| Timer Settings
| --------------
------------------------------------------------------------------------------------------------

  Enable Multi Corner Analysis               :  Yes
  Enable Pessimism Removal                   :  Yes
  Pessimism Removal Resolution               :  Nearest Common Node
  Enable Input Delay Default Clock           :  No
  Enable Preset / Clear Arcs                 :  No
  Disable Flight Delays                      :  No
  Ignore I/O Paths                           :  No
  Timing Early Launch at Borrowing Latches   :  No
  Borrow Time for Max Delay Exceptions       :  Yes
  Merge Timing Exceptions                    :  Yes
  Inter-SLR Compensation                     :  Conservative

  Corner  Analyze    Analyze    
  Name    Max Paths  Min Paths  
  ------  ---------  ---------  
  Slow    Yes        Yes        
  Fast    Yes        Yes        


------------------------------------------------------------------------------------------------
| Report Methodology
| ------------------
------------------------------------------------------------------------------------------------

Rule       Severity          Description                                                Violations  
---------  ----------------  ---------------------------------------------------------  ----------  
TIMING-17  Critical Warning  Non-clocked sequential cell                                1000        
SYNTH-5    Warning           Mapped onto distributed RAM because of timing constraints  128         

Note: This report is based on the most recent report_methodology run and may not be up-to-date. Run report_methodology on the current design for the latest report.



check_timing report

Table of Contents
-----------------
1. checking no_clock (1536)
2. checking constant_clock (0)
3. checking pulse_width_clock (0)
4. checking unconstrained_internal_endpoints (6144)
5. checking no_input_delay (1)
6. checking no_output_delay (0)
7. checking multiple_clock (0)
8. checking generated_clocks (0)
9. checking loops (0)
10. checking partial_input_delay (0)
11. checking partial_output_delay (0)
12. checking latch_loops (0)

1. checking no_clock (1536)
---------------------------
 There are 1536 register/latch pins with no clock driven by root clock pin: clk (HIGH)


2. checking constant_clock (0)
------------------------------
 There are 0 register/latch pins with constant_clock.


3. checking pulse_width_clock (0)
---------------------------------
 There are 0 register/latch pins which need pulse_width check


4. checking unconstrained_internal_endpoints (6144)
---------------------------------------------------
 There are 6144 pins that are not constrained for maximum delay. (HIGH)

 There are 0 pins that are not constrained for maximum delay due to constant clock.


5. checking no_input_delay (1)
------------------------------
 There is 1 input port with no input delay specified. (HIGH)

 There are 0 input ports with no input delay but user has a false path constraint.


6. checking no_output_delay (0)
-------------------------------
 There are 0 ports with no output delay specified.

 There are 0 ports with no output delay but user has a false path constraint

 There are 0 ports with no output delay but with a timing clock defined on it or propagating through it


7. checking multiple_clock (0)
------------------------------
 There are 0 register/latch pins with multiple clocks.


8. checking generated_clocks (0)
--------------------------------
 There are 0 generated clocks that are not connected to a clock source.


9. checking loops (0)
---------------------
 There are 0 combinational loops in the design.


10. checking partial_input_delay (0)
------------------------------------
 There are 0 input ports with partial input delay specified.


11. checking partial_output_delay (0)
-------------------------------------
 There are 0 ports with partial output delay specified.


12. checking latch_loops (0)
----------------------------
 There are 0 combinational latch loops in the design through latch input



------------------------------------------------------------------------------------------------
| Design Timing Summary
| ---------------------
------------------------------------------------------------------------------------------------

    WNS(ns)      TNS(ns)  TNS Failing Endpoints  TNS Total Endpoints      WHS(ns)      THS(ns)  THS Failing Endpoints  THS Total Endpoints     WPWS(ns)     TPWS(ns)  TPWS Failing Endpoints  TPWS Total Endpoints  
    -------      -------  ---------------------  -------------------      -------      -------  ---------------------  -------------------     --------     --------  ----------------------  --------------------  
        inf        0.000                      0                 1056          inf        0.000                      0                 1056           NA           NA                      NA                    NA  


There are no user specified timing constraints.


------------------------------------------------------------------------------------------------
| Clock Summary
| -------------
------------------------------------------------------------------------------------------------


------------------------------------------------------------------------------------------------
| Intra Clock Table
| -----------------
------------------------------------------------------------------------------------------------

Clock             WNS(ns)      TNS(ns)  TNS Failing Endpoints  TNS Total Endpoints      WHS(ns)      THS(ns)  THS Failing Endpoints  THS Total Endpoints     WPWS(ns)     TPWS(ns)  TPWS Failing Endpoints  TPWS Total Endpoints  
-----             -------      -------  ---------------------  -------------------      -------      -------  ---------------------  -------------------     --------     --------  ----------------------  --------------------  


------------------------------------------------------------------------------------------------
| Inter Clock Table
| -----------------
------------------------------------------------------------------------------------------------

From Clock    To Clock          WNS(ns)      TNS(ns)  TNS Failing Endpoints  TNS Total Endpoints      WHS(ns)      THS(ns)  THS Failing Endpoints  THS Total Endpoints  
----------    --------          -------      -------  ---------------------  -------------------      -------      -------  ---------------------  -------------------  


------------------------------------------------------------------------------------------------
| Other Path Groups Table
| -----------------------
------------------------------------------------------------------------------------------------

Path Group    From Clock    To Clock          WNS(ns)      TNS(ns)  TNS Failing Endpoints  TNS Total Endpoints      WHS(ns)      THS(ns)  THS Failing Endpoints  THS Total Endpoints  
----------    ----------    --------          -------      -------  ---------------------  -------------------      -------      -------  ---------------------  -------------------  


------------------------------------------------------------------------------------------------
| User Ignored Path Table
| -----------------------
------------------------------------------------------------------------------------------------

Path Group    From Clock    To Clock    
----------    ----------    --------    


------------------------------------------------------------------------------------------------
| Unconstrained Path Table
| ------------------------
------------------------------------------------------------------------------------------------

Path Group    From Clock    To Clock    
----------    ----------    --------    
(none)                                    


------------------------------------------------------------------------------------------------
| Timing Details
| --------------
------------------------------------------------------------------------------------------------


--------------------------------------------------------------------------------------
Path Group:  (none)
From Clock:  
  To Clock:  

Max Delay          1056 Endpoints
Min Delay          1056 Endpoints
--------------------------------------------------------------------------------------


Max Delay Paths
--------------------------------------------------------------------------------------
Slack:                    inf
  Source:                 rst_n
                            (input port)
  Destination:            RF/registers_reg[20][21]/CLR
  Path Group:             (none)
  Path Type:              Max at Slow Process Corner
  Data Path Delay:        10.245ns  (logic 1.030ns (10.054%)  route 9.215ns (89.946%))
  Logic Levels:           2  (IBUF=1 LUT1=1)

    Location             Delay type                Incr(ns)  Path(ns)    Netlist Resource(s)
  -------------------------------------------------------------------    -------------------
    R12                                               0.000     0.000 r  rst_n (IN)
                         net (fo=0)                   0.000     0.000    rst_n
    R12                  IBUF (Prop_ibuf_I_O)         0.906     0.906 r  rst_n_IBUF_inst/O
                         net (fo=2, routed)           1.246     2.152    RF/rst_n
    SLICE_X0Y0           LUT1 (Prop_lut1_I0_O)        0.124     2.276 f  RF/registers[1][31]_i_2/O
                         net (fo=992, routed)         7.968    10.245    RF/registers[1][31]_i_2_n_0
    SLICE_X14Y37         FDCE                                         f  RF/registers_reg[20][21]/CLR
  -------------------------------------------------------------------    -------------------

Slack:                    inf
  Source:                 rst_n
                            (input port)
  Destination:            RF/registers_reg[20][29]/CLR
  Path Group:             (none)
  Path Type:              Max at Slow Process Corner
  Data Path Delay:        10.245ns  (logic 1.030ns (10.054%)  route 9.215ns (89.946%))
  Logic Levels:           2  (IBUF=1 LUT1=1)

    Location             Delay type                Incr(ns)  Path(ns)    Netlist Resource(s)
  -------------------------------------------------------------------    -------------------
    R12                                               0.000     0.000 r  rst_n (IN)
                         net (fo=0)                   0.000     0.000    rst_n
    R12                  IBUF (Prop_ibuf_I_O)         0.906     0.906 r  rst_n_IBUF_inst/O
                         net (fo=2, routed)           1.246     2.152    RF/rst_n
    SLICE_X0Y0           LUT1 (Prop_lut1_I0_O)        0.124     2.276 f  RF/registers[1][31]_i_2/O
                         net (fo=992, routed)         7.968    10.245    RF/registers[1][31]_i_2_n_0
    SLICE_X14Y37         FDCE                                         f  RF/registers_reg[20][29]/CLR
  -------------------------------------------------------------------    -------------------

Slack:                    inf
  Source:                 rst_n
                            (input port)
  Destination:            RF/registers_reg[16][29]/CLR
  Path Group:             (none)
  Path Type:              Max at Slow Process Corner
  Data Path Delay:        10.106ns  (logic 1.030ns (10.192%)  route 9.076ns (89.808%))
  Logic Levels:           2  (IBUF=1 LUT1=1)

    Location             Delay type                Incr(ns)  Path(ns)    Netlist Resource(s)
  -------------------------------------------------------------------    -------------------
    R12                                               0.000     0.000 r  rst_n (IN)
                         net (fo=0)                   0.000     0.000    rst_n
    R12                  IBUF (Prop_ibuf_I_O)         0.906     0.906 r  rst_n_IBUF_inst/O
                         net (fo=2, routed)           1.246     2.152    RF/rst_n
    SLICE_X0Y0           LUT1 (Prop_lut1_I0_O)        0.124     2.276 f  RF/registers[1][31]_i_2/O
                         net (fo=992, routed)         7.830    10.106    RF/registers[1][31]_i_2_n_0
    SLICE_X14Y36         FDCE                                         f  RF/registers_reg[16][29]/CLR
  -------------------------------------------------------------------    -------------------

Slack:                    inf
  Source:                 rst_n
                            (input port)
  Destination:            RF/registers_reg[4][21]/CLR
  Path Group:             (none)
  Path Type:              Max at Slow Process Corner
  Data Path Delay:        10.106ns  (logic 1.030ns (10.192%)  route 9.076ns (89.808%))
  Logic Levels:           2  (IBUF=1 LUT1=1)

    Location             Delay type                Incr(ns)  Path(ns)    Netlist Resource(s)
  -------------------------------------------------------------------    -------------------
    R12                                               0.000     0.000 r  rst_n (IN)
                         net (fo=0)                   0.000     0.000    rst_n
    R12                  IBUF (Prop_ibuf_I_O)         0.906     0.906 r  rst_n_IBUF_inst/O
                         net (fo=2, routed)           1.246     2.152    RF/rst_n
    SLICE_X0Y0           LUT1 (Prop_lut1_I0_O)        0.124     2.276 f  RF/registers[1][31]_i_2/O
                         net (fo=992, routed)         7.830    10.106    RF/registers[1][31]_i_2_n_0
    SLICE_X15Y36         FDCE                                         f  RF/registers_reg[4][21]/CLR
  -------------------------------------------------------------------    -------------------

Slack:                    inf
  Source:                 rst_n
                            (input port)
  Destination:            RF/registers_reg[31][19]/CLR
  Path Group:             (none)
  Path Type:              Max at Slow Process Corner
  Data Path Delay:        10.099ns  (logic 1.030ns (10.200%)  route 9.069ns (89.800%))
  Logic Levels:           2  (IBUF=1 LUT1=1)

    Location             Delay type                Incr(ns)  Path(ns)    Netlist Resource(s)
  -------------------------------------------------------------------    -------------------
    R12                                               0.000     0.000 r  rst_n (IN)
                         net (fo=0)                   0.000     0.000    rst_n
    R12                  IBUF (Prop_ibuf_I_O)         0.906     0.906 r  rst_n_IBUF_inst/O
                         net (fo=2, routed)           1.246     2.152    RF/rst_n
    SLICE_X0Y0           LUT1 (Prop_lut1_I0_O)        0.124     2.276 f  RF/registers[1][31]_i_2/O
                         net (fo=992, routed)         7.823    10.099    RF/registers[1][31]_i_2_n_0
    SLICE_X31Y14         FDCE                                         f  RF/registers_reg[31][19]/CLR
  -------------------------------------------------------------------    -------------------

Slack:                    inf
  Source:                 rst_n
                            (input port)
  Destination:            RF/registers_reg[3][19]/CLR
  Path Group:             (none)
  Path Type:              Max at Slow Process Corner
  Data Path Delay:        10.099ns  (logic 1.030ns (10.200%)  route 9.069ns (89.800%))
  Logic Levels:           2  (IBUF=1 LUT1=1)

    Location             Delay type                Incr(ns)  Path(ns)    Netlist Resource(s)
  -------------------------------------------------------------------    -------------------
    R12                                               0.000     0.000 r  rst_n (IN)
                         net (fo=0)                   0.000     0.000    rst_n
    R12                  IBUF (Prop_ibuf_I_O)         0.906     0.906 r  rst_n_IBUF_inst/O
                         net (fo=2, routed)           1.246     2.152    RF/rst_n
    SLICE_X0Y0           LUT1 (Prop_lut1_I0_O)        0.124     2.276 f  RF/registers[1][31]_i_2/O
                         net (fo=992, routed)         7.823    10.099    RF/registers[1][31]_i_2_n_0
    SLICE_X30Y14         FDCE                                         f  RF/registers_reg[3][19]/CLR
  -------------------------------------------------------------------    -------------------

Slack:                    inf
  Source:                 rst_n
                            (input port)
  Destination:            RF/registers_reg[11][19]/CLR
  Path Group:             (none)
  Path Type:              Max at Slow Process Corner
  Data Path Delay:        10.082ns  (logic 1.030ns (10.216%)  route 9.052ns (89.784%))
  Logic Levels:           2  (IBUF=1 LUT1=1)

    Location             Delay type                Incr(ns)  Path(ns)    Netlist Resource(s)
  -------------------------------------------------------------------    -------------------
    R12                                               0.000     0.000 r  rst_n (IN)
                         net (fo=0)                   0.000     0.000    rst_n
    R12                  IBUF (Prop_ibuf_I_O)         0.906     0.906 r  rst_n_IBUF_inst/O
                         net (fo=2, routed)           1.246     2.152    RF/rst_n
    SLICE_X0Y0           LUT1 (Prop_lut1_I0_O)        0.124     2.276 f  RF/registers[1][31]_i_2/O
                         net (fo=992, routed)         7.806    10.082    RF/registers[1][31]_i_2_n_0
    SLICE_X28Y13         FDCE                                         f  RF/registers_reg[11][19]/CLR
  -------------------------------------------------------------------    -------------------

Slack:                    inf
  Source:                 rst_n
                            (input port)
  Destination:            RF/registers_reg[15][19]/CLR
  Path Group:             (none)
  Path Type:              Max at Slow Process Corner
  Data Path Delay:        10.078ns  (logic 1.030ns (10.221%)  route 9.048ns (89.779%))
  Logic Levels:           2  (IBUF=1 LUT1=1)

    Location             Delay type                Incr(ns)  Path(ns)    Netlist Resource(s)
  -------------------------------------------------------------------    -------------------
    R12                                               0.000     0.000 r  rst_n (IN)
                         net (fo=0)                   0.000     0.000    rst_n
    R12                  IBUF (Prop_ibuf_I_O)         0.906     0.906 r  rst_n_IBUF_inst/O
                         net (fo=2, routed)           1.246     2.152    RF/rst_n
    SLICE_X0Y0           LUT1 (Prop_lut1_I0_O)        0.124     2.276 f  RF/registers[1][31]_i_2/O
                         net (fo=992, routed)         7.802    10.078    RF/registers[1][31]_i_2_n_0
    SLICE_X29Y13         FDCE                                         f  RF/registers_reg[15][19]/CLR
  -------------------------------------------------------------------    -------------------

Slack:                    inf
  Source:                 rst_n
                            (input port)
  Destination:            RF/registers_reg[16][21]/CLR
  Path Group:             (none)
  Path Type:              Max at Slow Process Corner
  Data Path Delay:        9.950ns  (logic 1.030ns (10.352%)  route 8.920ns (89.648%))
  Logic Levels:           2  (IBUF=1 LUT1=1)

    Location             Delay type                Incr(ns)  Path(ns)    Netlist Resource(s)
  -------------------------------------------------------------------    -------------------
    R12                                               0.000     0.000 r  rst_n (IN)
                         net (fo=0)                   0.000     0.000    rst_n
    R12                  IBUF (Prop_ibuf_I_O)         0.906     0.906 r  rst_n_IBUF_inst/O
                         net (fo=2, routed)           1.246     2.152    RF/rst_n
    SLICE_X0Y0           LUT1 (Prop_lut1_I0_O)        0.124     2.276 f  RF/registers[1][31]_i_2/O
                         net (fo=992, routed)         7.674     9.950    RF/registers[1][31]_i_2_n_0
    SLICE_X15Y35         FDCE                                         f  RF/registers_reg[16][21]/CLR
  -------------------------------------------------------------------    -------------------

Slack:                    inf
  Source:                 rst_n
                            (input port)
  Destination:            RF/registers_reg[8][26]/CLR
  Path Group:             (none)
  Path Type:              Max at Slow Process Corner
  Data Path Delay:        9.950ns  (logic 1.030ns (10.352%)  route 8.920ns (89.648%))
  Logic Levels:           2  (IBUF=1 LUT1=1)

    Location             Delay type                Incr(ns)  Path(ns)    Netlist Resource(s)
  -------------------------------------------------------------------    -------------------
    R12                                               0.000     0.000 r  rst_n (IN)
                         net (fo=0)                   0.000     0.000    rst_n
    R12                  IBUF (Prop_ibuf_I_O)         0.906     0.906 r  rst_n_IBUF_inst/O
                         net (fo=2, routed)           1.246     2.152    RF/rst_n
    SLICE_X0Y0           LUT1 (Prop_lut1_I0_O)        0.124     2.276 f  RF/registers[1][31]_i_2/O
                         net (fo=992, routed)         7.674     9.950    RF/registers[1][31]_i_2_n_0
    SLICE_X14Y35         FDCE                                         f  RF/registers_reg[8][26]/CLR
  -------------------------------------------------------------------    -------------------





Min Delay Paths
--------------------------------------------------------------------------------------
Slack:                    inf
  Source:                 rst_n
                            (input port)
  Destination:            PC/current_pc_reg[0]/CLR
  Path Group:             (none)
  Path Type:              Min at Fast Process Corner
  Data Path Delay:        0.745ns  (logic 0.180ns (24.236%)  route 0.564ns (75.764%))
  Logic Levels:           2  (IBUF=1 LUT1=1)

    Location             Delay type                Incr(ns)  Path(ns)    Netlist Resource(s)
  -------------------------------------------------------------------    -------------------
    R12                                               0.000     0.000 r  rst_n (IN)
                         net (fo=0)                   0.000     0.000    rst_n
    R12                  IBUF (Prop_ibuf_I_O)         0.135     0.135 r  rst_n_IBUF_inst/O
                         net (fo=2, routed)           0.409     0.544    PC/rst_n
    SLICE_X0Y0           LUT1 (Prop_lut1_I0_O)        0.045     0.589 f  PC/current_pc[31]_i_2/O
                         net (fo=32, routed)          0.156     0.745    PC/current_pc[31]_i_2_n_0
    SLICE_X2Y0           FDCE                                         f  PC/current_pc_reg[0]/CLR
  -------------------------------------------------------------------    -------------------

Slack:                    inf
  Source:                 rst_n
                            (input port)
  Destination:            PC/current_pc_reg[1]/CLR
  Path Group:             (none)
  Path Type:              Min at Fast Process Corner
  Data Path Delay:        0.745ns  (logic 0.180ns (24.236%)  route 0.564ns (75.764%))
  Logic Levels:           2  (IBUF=1 LUT1=1)

    Location             Delay type                Incr(ns)  Path(ns)    Netlist Resource(s)
  -------------------------------------------------------------------    -------------------
    R12                                               0.000     0.000 r  rst_n (IN)
                         net (fo=0)                   0.000     0.000    rst_n
    R12                  IBUF (Prop_ibuf_I_O)         0.135     0.135 r  rst_n_IBUF_inst/O
                         net (fo=2, routed)           0.409     0.544    PC/rst_n
    SLICE_X0Y0           LUT1 (Prop_lut1_I0_O)        0.045     0.589 f  PC/current_pc[31]_i_2/O
                         net (fo=32, routed)          0.156     0.745    PC/current_pc[31]_i_2_n_0
    SLICE_X2Y0           FDCE                                         f  PC/current_pc_reg[1]/CLR
  -------------------------------------------------------------------    -------------------

Slack:                    inf
  Source:                 rst_n
                            (input port)
  Destination:            PC/current_pc_reg[2]/CLR
  Path Group:             (none)
  Path Type:              Min at Fast Process Corner
  Data Path Delay:        0.745ns  (logic 0.180ns (24.236%)  route 0.564ns (75.764%))
  Logic Levels:           2  (IBUF=1 LUT1=1)

    Location             Delay type                Incr(ns)  Path(ns)    Netlist Resource(s)
  -------------------------------------------------------------------    -------------------
    R12                                               0.000     0.000 r  rst_n (IN)
                         net (fo=0)                   0.000     0.000    rst_n
    R12                  IBUF (Prop_ibuf_I_O)         0.135     0.135 r  rst_n_IBUF_inst/O
                         net (fo=2, routed)           0.409     0.544    PC/rst_n
    SLICE_X0Y0           LUT1 (Prop_lut1_I0_O)        0.045     0.589 f  PC/current_pc[31]_i_2/O
                         net (fo=32, routed)          0.156     0.745    PC/current_pc[31]_i_2_n_0
    SLICE_X2Y0           FDCE                                         f  PC/current_pc_reg[2]/CLR
  -------------------------------------------------------------------    -------------------

Slack:                    inf
  Source:                 rst_n
                            (input port)
  Destination:            PC/current_pc_reg[3]/CLR
  Path Group:             (none)
  Path Type:              Min at Fast Process Corner
  Data Path Delay:        0.745ns  (logic 0.180ns (24.236%)  route 0.564ns (75.764%))
  Logic Levels:           2  (IBUF=1 LUT1=1)

    Location             Delay type                Incr(ns)  Path(ns)    Netlist Resource(s)
  -------------------------------------------------------------------    -------------------
    R12                                               0.000     0.000 r  rst_n (IN)
                         net (fo=0)                   0.000     0.000    rst_n
    R12                  IBUF (Prop_ibuf_I_O)         0.135     0.135 r  rst_n_IBUF_inst/O
                         net (fo=2, routed)           0.409     0.544    PC/rst_n
    SLICE_X0Y0           LUT1 (Prop_lut1_I0_O)        0.045     0.589 f  PC/current_pc[31]_i_2/O
                         net (fo=32, routed)          0.156     0.745    PC/current_pc[31]_i_2_n_0
    SLICE_X2Y0           FDCE                                         f  PC/current_pc_reg[3]/CLR
  -------------------------------------------------------------------    -------------------

Slack:                    inf
  Source:                 rst_n
                            (input port)
  Destination:            PC/current_pc_reg[22]/CLR
  Path Group:             (none)
  Path Type:              Min at Fast Process Corner
  Data Path Delay:        0.789ns  (logic 0.180ns (22.867%)  route 0.609ns (77.133%))
  Logic Levels:           2  (IBUF=1 LUT1=1)

    Location             Delay type                Incr(ns)  Path(ns)    Netlist Resource(s)
  -------------------------------------------------------------------    -------------------
    R12                                               0.000     0.000 r  rst_n (IN)
                         net (fo=0)                   0.000     0.000    rst_n
    R12                  IBUF (Prop_ibuf_I_O)         0.135     0.135 r  rst_n_IBUF_inst/O
                         net (fo=2, routed)           0.409     0.544    PC/rst_n
    SLICE_X0Y0           LUT1 (Prop_lut1_I0_O)        0.045     0.589 f  PC/current_pc[31]_i_2/O
                         net (fo=32, routed)          0.200     0.789    PC/current_pc[31]_i_2_n_0
    SLICE_X0Y5           FDCE                                         f  PC/current_pc_reg[22]/CLR
  -------------------------------------------------------------------    -------------------

Slack:                    inf
  Source:                 rst_n
                            (input port)
  Destination:            PC/current_pc_reg[23]/CLR
  Path Group:             (none)
  Path Type:              Min at Fast Process Corner
  Data Path Delay:        0.789ns  (logic 0.180ns (22.867%)  route 0.609ns (77.133%))
  Logic Levels:           2  (IBUF=1 LUT1=1)

    Location             Delay type                Incr(ns)  Path(ns)    Netlist Resource(s)
  -------------------------------------------------------------------    -------------------
    R12                                               0.000     0.000 r  rst_n (IN)
                         net (fo=0)                   0.000     0.000    rst_n
    R12                  IBUF (Prop_ibuf_I_O)         0.135     0.135 r  rst_n_IBUF_inst/O
                         net (fo=2, routed)           0.409     0.544    PC/rst_n
    SLICE_X0Y0           LUT1 (Prop_lut1_I0_O)        0.045     0.589 f  PC/current_pc[31]_i_2/O
                         net (fo=32, routed)          0.200     0.789    PC/current_pc[31]_i_2_n_0
    SLICE_X0Y5           FDCE                                         f  PC/current_pc_reg[23]/CLR
  -------------------------------------------------------------------    -------------------

Slack:                    inf
  Source:                 rst_n
                            (input port)
  Destination:            PC/current_pc_reg[26]/CLR
  Path Group:             (none)
  Path Type:              Min at Fast Process Corner
  Data Path Delay:        0.789ns  (logic 0.180ns (22.867%)  route 0.609ns (77.133%))
  Logic Levels:           2  (IBUF=1 LUT1=1)

    Location             Delay type                Incr(ns)  Path(ns)    Netlist Resource(s)
  -------------------------------------------------------------------    -------------------
    R12                                               0.000     0.000 r  rst_n (IN)
                         net (fo=0)                   0.000     0.000    rst_n
    R12                  IBUF (Prop_ibuf_I_O)         0.135     0.135 r  rst_n_IBUF_inst/O
                         net (fo=2, routed)           0.409     0.544    PC/rst_n
    SLICE_X0Y0           LUT1 (Prop_lut1_I0_O)        0.045     0.589 f  PC/current_pc[31]_i_2/O
                         net (fo=32, routed)          0.200     0.789    PC/current_pc[31]_i_2_n_0
    SLICE_X0Y5           FDCE                                         f  PC/current_pc_reg[26]/CLR
  -------------------------------------------------------------------    -------------------

Slack:                    inf
  Source:                 rst_n
                            (input port)
  Destination:            PC/current_pc_reg[27]/CLR
  Path Group:             (none)
  Path Type:              Min at Fast Process Corner
  Data Path Delay:        0.789ns  (logic 0.180ns (22.867%)  route 0.609ns (77.133%))
  Logic Levels:           2  (IBUF=1 LUT1=1)

    Location             Delay type                Incr(ns)  Path(ns)    Netlist Resource(s)
  -------------------------------------------------------------------    -------------------
    R12                                               0.000     0.000 r  rst_n (IN)
                         net (fo=0)                   0.000     0.000    rst_n
    R12                  IBUF (Prop_ibuf_I_O)         0.135     0.135 r  rst_n_IBUF_inst/O
                         net (fo=2, routed)           0.409     0.544    PC/rst_n
    SLICE_X0Y0           LUT1 (Prop_lut1_I0_O)        0.045     0.589 f  PC/current_pc[31]_i_2/O
                         net (fo=32, routed)          0.200     0.789    PC/current_pc[31]_i_2_n_0
    SLICE_X0Y5           FDCE                                         f  PC/current_pc_reg[27]/CLR
  -------------------------------------------------------------------    -------------------

Slack:                    inf
  Source:                 rst_n
                            (input port)
  Destination:            PC/current_pc_reg[14]/CLR
  Path Group:             (none)
  Path Type:              Min at Fast Process Corner
  Data Path Delay:        0.798ns  (logic 0.180ns (22.610%)  route 0.618ns (77.390%))
  Logic Levels:           2  (IBUF=1 LUT1=1)

    Location             Delay type                Incr(ns)  Path(ns)    Netlist Resource(s)
  -------------------------------------------------------------------    -------------------
    R12                                               0.000     0.000 r  rst_n (IN)
                         net (fo=0)                   0.000     0.000    rst_n
    R12                  IBUF (Prop_ibuf_I_O)         0.135     0.135 r  rst_n_IBUF_inst/O
                         net (fo=2, routed)           0.409     0.544    PC/rst_n
    SLICE_X0Y0           LUT1 (Prop_lut1_I0_O)        0.045     0.589 f  PC/current_pc[31]_i_2/O
                         net (fo=32, routed)          0.209     0.798    PC/current_pc[31]_i_2_n_0
    SLICE_X4Y3           FDCE                                         f  PC/current_pc_reg[14]/CLR
  -------------------------------------------------------------------    -------------------

Slack:                    inf
  Source:                 rst_n
                            (input port)
  Destination:            PC/current_pc_reg[15]/CLR
  Path Group:             (none)
  Path Type:              Min at Fast Process Corner
  Data Path Delay:        0.798ns  (logic 0.180ns (22.610%)  route 0.618ns (77.390%))
  Logic Levels:           2  (IBUF=1 LUT1=1)

    Location             Delay type                Incr(ns)  Path(ns)    Netlist Resource(s)
  -------------------------------------------------------------------    -------------------
    R12                                               0.000     0.000 r  rst_n (IN)
                         net (fo=0)                   0.000     0.000    rst_n
    R12                  IBUF (Prop_ibuf_I_O)         0.135     0.135 r  rst_n_IBUF_inst/O
                         net (fo=2, routed)           0.409     0.544    PC/rst_n
    SLICE_X0Y0           LUT1 (Prop_lut1_I0_O)        0.045     0.589 f  PC/current_pc[31]_i_2/O
                         net (fo=32, routed)          0.209     0.798    PC/current_pc[31]_i_2_n_0
    SLICE_X4Y3           FDCE                                         f  PC/current_pc_reg[15]/CLR
  -------------------------------------------------------------------    -------------------





